<?xml version="1.0" encoding="UTF-8"?>
<testsuite xmlns:xsi="http://www.w3.org/2001/XMLSchema-instance" xsi:noNamespaceSchemaLocation="https://maven.apache.org/surefire/maven-surefire-plugin/xsd/surefire-test-report-3.0.xsd" version="3.0" name="wo1261931780.testspringFeign.TestSpringFeignApplicationTests" time="4.386" tests="1" errors="0" skipped="0" failures="0">
  <properties>
[...]
</properties>
  <testcase name="contextLoads" classname="wo1261931780.testspringFeign.TestSpringFeignApplicationTests" time="1.615">
    <system-out><![CDATA[19:31:09.182 [main] INFO org.springframework.test.context.support.AnnotationConfigContextLoaderUtils -- Could not detect default configuration classes for test class [wo1261931780.testspringFeign.TestSpringFeignApplicationTests]: TestSpringFeignApplicationTests does not declare any static, non-private, non-final, nested classes annotated with @Configuration.
19:31:09.313 [main] INFO org.springframework.boot.test.context.SpringBootTestContextBootstrapper -- Found @SpringBootConfiguration wo1261931780.testspringFeign.TestSpringFeignApplication for test class wo1261931780.testspringFeign.TestSpringFeignApplicationTests

  .   ____          _            __ _ _
 /\\ / ___'_ __ _ _(_)_ __  __ _ \ \ \ \
( ( )\___ | '_ | '_| | '_ \/ _` | \ \ \ \
 \\/  ___)| |_)| | | | | || (_| |  ) ) ) )
  '  |____| .__|_| |_|_| |_\__, | / / / /
 =========|_|==============|___/=/_/_/_/
 :: Spring Boot ::                (v3.2.5)

2024-04-29T19:31:09.876+08:00  INFO 24428 --- [test-springFeign] [           main] w.t.TestSpringFeignApplicationTests      : Starting TestSpringFeignApplicationTests using Java 17.0.9 with PID 24428 (started by junw in C:\Users\junw\Documents\GitHub\test-springFeign)
2024-04-29T19:31:09.879+08:00  INFO 24428 --- [test-springFeign] [           main] w.t.TestSpringFeignApplicationTests      : No active profile set, falling back to 1 default profile: "default"
2024-04-29T19:31:11.686+08:00  INFO 24428 --- [test-springFeign] [           main] w.t.TestSpringFeignApplicationTests      : Started TestSpringFeignApplicationTests in 2.168 seconds (process running for 3.387)
]]></system-out>
  </testcase>
</testsuite>